<?xml version="1.0" encoding="UTF-8"?>
<testng-results skipped="0" failed="0" total="2" passed="2">
  <reporter-output>
  </reporter-output>
  <suite name="Testing 2 xbox pages" duration-ms="14674" started-at="2022-03-01T00:38:58Z" finished-at="2022-03-01T00:39:13Z">
    <groups>
    </groups>
    <test name="Testing2" duration-ms="14674" started-at="2022-03-01T00:38:58Z" finished-at="2022-03-01T00:39:13Z">
      <class name="xboxtestcases.topFiveGames">
        <test-method status="PASS" signature="setUpBrowser(java.lang.String, java.lang.String, java.lang.String, java.lang.String)[pri:0, instance:xboxtestcases.topFiveGames@735f7ae5]" name="setUpBrowser" is-config="true" duration-ms="1196" started-at="2022-02-28T18:39:04Z" finished-at="2022-02-28T18:39:06Z">
          <params>
            <param index="0">
              <value>
                <![CDATA[chrome]]>
              </value>
            </param>
            <param index="1">
              <value>
                <![CDATA[false]]>
              </value>
            </param>
            <param index="2">
              <value>
                <![CDATA[0]]>
              </value>
            </param>
            <param index="3">
              <value>
                <![CDATA[0]]>
              </value>
            </param>
          </params>
          <reporter-output>
          </reporter-output>
        </test-method> <!-- setUpBrowser -->
        <test-method status="PASS" signature="testTopGames()[pri:0, instance:xboxtestcases.topFiveGames@735f7ae5]" name="testTopGames" duration-ms="4163" started-at="2022-02-28T18:39:06Z" finished-at="2022-02-28T18:39:10Z">
          <reporter-output>
          </reporter-output>
        </test-method> <!-- testTopGames -->
        <test-method status="PASS" signature="tearDown()[pri:0, instance:xboxtestcases.topFiveGames@735f7ae5]" name="tearDown" is-config="true" duration-ms="2930" started-at="2022-02-28T18:39:10Z" finished-at="2022-02-28T18:39:13Z">
          <reporter-output>
          </reporter-output>
        </test-method> <!-- tearDown -->
      </class> <!-- xboxtestcases.topFiveGames -->
      <class name="xboxtestcases.topFive">
        <test-method status="PASS" signature="setUpBrowser(java.lang.String, java.lang.String, java.lang.String, java.lang.String)[pri:0, instance:xboxtestcases.topFive@73f792cf]" name="setUpBrowser" is-config="true" duration-ms="1741" started-at="2022-02-28T18:38:58Z" finished-at="2022-02-28T18:39:00Z">
          <params>
            <param index="0">
              <value>
                <![CDATA[chrome]]>
              </value>
            </param>
            <param index="1">
              <value>
                <![CDATA[false]]>
              </value>
            </param>
            <param index="2">
              <value>
                <![CDATA[0]]>
              </value>
            </param>
            <param index="3">
              <value>
                <![CDATA[0]]>
              </value>
            </param>
          </params>
          <reporter-output>
          </reporter-output>
        </test-method> <!-- setUpBrowser -->
        <test-method status="PASS" signature="testGamertag()[pri:0, instance:xboxtestcases.topFive@73f792cf]" name="testGamertag" duration-ms="1671" started-at="2022-02-28T18:39:00Z" finished-at="2022-02-28T18:39:01Z">
          <reporter-output>
          </reporter-output>
        </test-method> <!-- testGamertag -->
        <test-method status="PASS" signature="tearDown()[pri:0, instance:xboxtestcases.topFive@73f792cf]" name="tearDown" is-config="true" duration-ms="2966" started-at="2022-02-28T18:39:01Z" finished-at="2022-02-28T18:39:04Z">
          <reporter-output>
          </reporter-output>
        </test-method> <!-- tearDown -->
      </class> <!-- xboxtestcases.topFive -->
    </test> <!-- Testing2 -->
  </suite> <!-- Testing 2 xbox pages -->
</testng-results>
